[
  {
    "Plan": {
      "Node Type": "Sort",
      "Parallel Aware": false,
      "Async Capable": false,
      "Startup Cost": 135.03,
      "Total Cost": 135.04,
      "Plan Rows": 2,
      "Plan Width": 43,
      "Actual Startup Time": 0.509,
      "Actual Total Time": 0.511,
      "Actual Rows": 7,
      "Actual Loops": 1,
      "Sort Key": ["(sum(o.gross_amount)) DESC"],
      "Sort Method": "quicksort",
      "Sort Space Used": 25,
      "Sort Space Type": "Memory",
      "Shared Hit Blocks": 54,
      "Shared Read Blocks": 0,
      "Shared Dirtied Blocks": 0,
      "Shared Written Blocks": 0,
      "Local Hit Blocks": 0,
      "Local Read Blocks": 0,
      "Local Dirtied Blocks": 0,
      "Local Written Blocks": 0,
      "Temp Read Blocks": 0,
      "Temp Written Blocks": 0,
      "Plans": [
        {
          "Node Type": "Aggregate",
          "Strategy": "Hashed",
          "Partial Mode": "Simple",
          "Parent Relationship": "Outer",
          "Parallel Aware": false,
          "Async Capable": false,
          "Startup Cost": 134.92,
          "Total Cost": 135.02,
          "Plan Rows": 2,
          "Plan Width": 43,
          "Actual Startup Time": 0.487,
          "Actual Total Time": 0.490,
          "Actual Rows": 7,
          "Actual Loops": 1,
          "Group Key": ["u.country"],
          "Filter": "(count(*) > 10)",
          "Planned Partitions": 0,
          "HashAgg Batches": 1,
          "Peak Memory Usage": 24,
          "Disk Usage": 0,
          "Rows Removed by Filter": 0,
          "Shared Hit Blocks": 51,
          "Shared Read Blocks": 0,
          "Shared Dirtied Blocks": 0,
          "Shared Written Blocks": 0,
          "Local Hit Blocks": 0,
          "Local Read Blocks": 0,
          "Local Dirtied Blocks": 0,
          "Local Written Blocks": 0,
          "Temp Read Blocks": 0,
          "Temp Written Blocks": 0,
          "Plans": [
            {
              "Node Type": "Hash Join",
              "Parent Relationship": "Outer",
              "Parallel Aware": false,
              "Async Capable": false,
              "Join Type": "Inner",
              "Startup Cost": 58.92,
              "Total Cost": 131.76,
              "Plan Rows": 421,
              "Plan Width": 9,
              "Actual Startup Time": 0.182,
              "Actual Total Time": 0.426,
              "Actual Rows": 442,
              "Actual Loops": 1,
              "Inner Unique": true,
              "Hash Cond": "(o.user_id = u.id)",
              "Shared Hit Blocks": 51,
              "Shared Read Blocks": 0,
              "Shared Dirtied Blocks": 0,
              "Shared Written Blocks": 0,
              "Local Hit Blocks": 0,
              "Local Read Blocks": 0,
              "Local Dirtied Blocks": 0,
              "Local Written Blocks": 0,
              "Temp Read Blocks": 0,
              "Temp Written Blocks": 0,
              "Plans": [
                {
                  "Node Type": "Bitmap Heap Scan",
                  "Parent Relationship": "Outer",
                  "Parallel Aware": false,
                  "Async Capable": false,
                  "Relation Name": "orders",
                  "Alias": "o",
                  "Startup Cost": 25.42,
                  "Total Cost": 97.16,
                  "Plan Rows": 421,
                  "Plan Width": 10,
                  "Actual Startup Time": 0.033,
                  "Actual Total Time": 0.237,
                  "Actual Rows": 442,
                  "Actual Loops": 1,
                  "Recheck Cond": "(status = 'paid'::text)",
                  "Rows Removed by Index Recheck": 0,
                  "Filter": "(created_at >= (now() - '90 days'::interval))",
                  "Rows Removed by Filter": 1295,
                  "Exact Heap Blocks": 37,
                  "Lossy Heap Blocks": 0,
                  "Shared Hit Blocks": 40,
                  "Shared Read Blocks": 0,
                  "Shared Dirtied Blocks": 0,
                  "Shared Written Blocks": 0,
                  "Local Hit Blocks": 0,
                  "Local Read Blocks": 0,
                  "Local Dirtied Blocks": 0,
                  "Local Written Blocks": 0,
                  "Temp Read Blocks": 0,
                  "Temp Written Blocks": 0,
                  "Plans": [
                    {
                      "Node Type": "Bitmap Index Scan",
                      "Parent Relationship": "Outer",
                      "Parallel Aware": false,
                      "Async Capable": false,
                      "Index Name": "orders_status_idx",
                      "Startup Cost": 0.00,
                      "Total Cost": 25.31,
                      "Plan Rows": 1737,
                      "Plan Width": 0,
                      "Actual Startup Time": 0.024,
                      "Actual Total Time": 0.024,
                      "Actual Rows": 1737,
                      "Actual Loops": 1,
                      "Index Cond": "(status = 'paid'::text)",
                      "Shared Hit Blocks": 3,
                      "Shared Read Blocks": 0,
                      "Shared Dirtied Blocks": 0,
                      "Shared Written Blocks": 0,
                      "Local Hit Blocks": 0,
                      "Local Read Blocks": 0,
                      "Local Dirtied Blocks": 0,
                      "Local Written Blocks": 0,
                      "Temp Read Blocks": 0,
                      "Temp Written Blocks": 0
                    }
                  ]
                },
                {
                  "Node Type": "Hash",
                  "Parent Relationship": "Inner",
                  "Parallel Aware": false,
                  "Async Capable": false,
                  "Startup Cost": 21.00,
                  "Total Cost": 21.00,
                  "Plan Rows": 1000,
                  "Plan Width": 7,
                  "Actual Startup Time": 0.138,
                  "Actual Total Time": 0.138,
                  "Actual Rows": 1000,
                  "Actual Loops": 1,
                  "Hash Buckets": 1024,
                  "Original Hash Buckets": 1024,
                  "Hash Batches": 1,
                  "Original Hash Batches": 1,
                  "Peak Memory Usage": 48,
                  "Shared Hit Blocks": 11,
                  "Shared Read Blocks": 0,
                  "Shared Dirtied Blocks": 0,
                  "Shared Written Blocks": 0,
                  "Local Hit Blocks": 0,
                  "Local Read Blocks": 0,
                  "Local Dirtied Blocks": 0,
                  "Local Written Blocks": 0,
                  "Temp Read Blocks": 0,
                  "Temp Written Blocks": 0,
                  "Plans": [
                    {
                      "Node Type": "Seq Scan",
                      "Parent Relationship": "Outer",
                      "Parallel Aware": false,
                      "Async Capable": false,
                      "Relation Name": "users",
                      "Alias": "u",
                      "Startup Cost": 0.00,
                      "Total Cost": 21.00,
                      "Plan Rows": 1000,
                      "Plan Width": 7,
                      "Actual Startup Time": 0.005,
                      "Actual Total Time": 0.057,
                      "Actual Rows": 1000,
                      "Actual Loops": 1,
                      "Shared Hit Blocks": 11,
                      "Shared Read Blocks": 0,
                      "Shared Dirtied Blocks": 0,
                      "Shared Written Blocks": 0,
                      "Local Hit Blocks": 0,
                      "Local Read Blocks": 0,
                      "Local Dirtied Blocks": 0,
                      "Local Written Blocks": 0,
                      "Temp Read Blocks": 0,
                      "Temp Written Blocks": 0
                    }
                  ]
                }
              ]
            }
          ]
        }
      ]
    },
    "Planning": {
      "Shared Hit Blocks": 348,
      "Shared Read Blocks": 0,
      "Shared Dirtied Blocks": 0,
      "Shared Written Blocks": 0,
      "Local Hit Blocks": 0,
      "Local Read Blocks": 0,
      "Local Dirtied Blocks": 0,
      "Local Written Blocks": 0,
      "Temp Read Blocks": 0,
      "Temp Written Blocks": 0
    },
    "Planning Time": 0.985,
    "Triggers": [
    ],
    "Execution Time": 0.572
  }
]
